<?xml version="1.0" encoding="UTF-8"?>
<!-- Generated by org.testng.reporters.JUnitReportReporter -->
<testsuite skipped="0" hostname="DESKTOP-803K56V" name="com.OrangeHRM.testCases.TC001_LoginTest" tests="1" failures="0" timestamp="14 Sep 2022 01:09:48 GMT" time="9.945" errors="0">
  <testcase name="loginTest" time="9.945" classname="com.OrangeHRM.testCases.TC001_LoginTest"/>
</testsuite> <!-- com.OrangeHRM.testCases.TC001_LoginTest -->
