<?xml version="1.0" encoding="UTF-8"?>
<!-- Generated by org.testng.reporters.JUnitReportReporter -->
<testsuite skipped="0" hostname="DESKTOP-803K56V" name="com.OrangeHRM.testCases.TC002_CheckForgotYourPasswordText" tests="1" failures="0" timestamp="14 Sep 2022 01:25:23 GMT" time="5.313" errors="0">
  <testcase name="forgotYourPasswordTest" time="5.313" classname="com.OrangeHRM.testCases.TC002_CheckForgotYourPasswordText"/>
</testsuite> <!-- com.OrangeHRM.testCases.TC002_CheckForgotYourPasswordText -->
